<?xml version="1.0" encoding="UTF-8"?>
<testng-results ignored="0" total="1" passed="1" failed="0" skipped="0">
  <reporter-output>
  </reporter-output>
  <suite started-at="2020-06-01T22:15:45 IST" name="Default suite" finished-at="2020-06-01T22:17:18 IST" duration-ms="93067">
    <groups>
    </groups>
    <test started-at="2020-06-01T22:15:45 IST" name="Default test" finished-at="2020-06-01T22:17:18 IST" duration-ms="93067">
      <class name="demo.Test3">
        <test-method is-config="true" signature="setUp()[pri:0, instance:demo.Test3@dd0c991]" started-at="2020-06-01T22:15:45 IST" name="setUp" finished-at="2020-06-01T22:16:39 IST" duration-ms="53753" status="PASS">
          <reporter-output>
          </reporter-output>
        </test-method> <!-- setUp -->
        <test-method signature="test3()[pri:0, instance:demo.Test3@dd0c991]" started-at="2020-06-01T22:16:39 IST" name="test3" finished-at="2020-06-01T22:17:05 IST" duration-ms="25663" status="PASS">
          <reporter-output>
          </reporter-output>
        </test-method> <!-- test3 -->
        <test-method is-config="true" signature="tearDown()[pri:0, instance:demo.Test3@dd0c991]" started-at="2020-06-01T22:17:05 IST" name="tearDown" finished-at="2020-06-01T22:17:18 IST" duration-ms="13511" status="PASS">
          <reporter-output>
          </reporter-output>
        </test-method> <!-- tearDown -->
      </class> <!-- demo.Test3 -->
    </test> <!-- Default test -->
  </suite> <!-- Default suite -->
</testng-results>
